<?xml version="1.0" encoding="UTF-8"?>
<coverage generated="1750923024150" clover="3.2.0">
  <project timestamp="1750923024150" name="All files">
    <metrics statements="25" coveredstatements="19" conditionals="6" coveredconditionals="4" methods="4" coveredmethods="2" elements="35" coveredelements="25" complexity="0" loc="25" ncloc="25" packages="1" files="1" classes="1"/>
    <file name="userService.ts" path="C:\Users\ACER\TCCTECH\research\fastify-clean\src\services\userService.ts">
      <metrics statements="25" coveredstatements="19" conditionals="6" coveredconditionals="4" methods="4" coveredmethods="2"/>
      <line num="5" count="1" type="stmt"/>
      <line num="9" count="1" type="stmt"/>
      <line num="11" count="1" type="stmt"/>
      <line num="12" count="1" type="stmt"/>
      <line num="13" count="1" type="stmt"/>
      <line num="14" count="1" type="stmt"/>
      <line num="18" count="3" type="stmt"/>
      <line num="19" count="3" type="cond" truecount="2" falsecount="0"/>
      <line num="20" count="1" type="stmt"/>
      <line num="22" count="2" type="stmt"/>
      <line num="23" count="2" type="cond" truecount="2" falsecount="0"/>
      <line num="24" count="1" type="stmt"/>
      <line num="27" count="1" type="stmt"/>
      <line num="32" count="1" type="stmt"/>
      <line num="41" count="1" type="stmt"/>
      <line num="42" count="1" type="stmt"/>
      <line num="43" count="1" type="stmt"/>
      <line num="44" count="1" type="stmt"/>
      <line num="45" count="1" type="stmt"/>
      <line num="48" count="0" type="stmt"/>
      <line num="49" count="0" type="cond" truecount="0" falsecount="2"/>
      <line num="50" count="0" type="stmt"/>
      <line num="51" count="0" type="stmt"/>
      <line num="53" count="0" type="stmt"/>
      <line num="56" count="0" type="stmt"/>
    </file>
  </project>
</coverage>
