TN:
SF:src\services\userService.ts
FN:10,(anonymous_7)
FN:17,(anonymous_8)
FN:47,(anonymous_10)
FN:55,(anonymous_12)
FNF:4
FNH:2
FNDA:1,(anonymous_7)
FNDA:3,(anonymous_8)
FNDA:0,(anonymous_10)
FNDA:0,(anonymous_12)
DA:5,1
DA:9,1
DA:11,1
DA:12,1
DA:13,1
DA:14,1
DA:18,3
DA:19,3
DA:20,1
DA:22,2
DA:23,2
DA:24,1
DA:27,1
DA:32,1
DA:41,1
DA:42,1
DA:43,1
DA:44,1
DA:45,1
DA:48,0
DA:49,0
DA:50,0
DA:51,0
DA:53,0
DA:56,0
LF:25
LH:19
BRDA:19,0,0,1
BRDA:19,0,1,2
BRDA:23,1,0,1
BRDA:23,1,1,1
BRDA:49,2,0,0
BRDA:49,2,1,0
BRF:6
BRH:4
end_of_record
